<?xml version="1.0" encoding="UTF-8"?>
<testsuite name="com.census.CensusAnalyserTest" tests="1" skipped="0" failures="0" errors="0" timestamp="2020-07-29T14:35:32" hostname="HARI-PC" time="0.178">
  <properties/>
  <testcase name="givenIndianStateCodeCSVFile_WhenPassedCorrect_ThenReturnsNumberofRecords" classname="com.census.CensusAnalyserTest" time="0.178"/>
  <system-out><![CDATA[]]></system-out>
  <system-err><![CDATA[]]></system-err>
</testsuite>
