<?xml version="1.0" encoding="UTF-8"?>
<testsuite name="com.census.CensusAnalyserTest" tests="2" skipped="0" failures="0" errors="0" timestamp="2020-07-28T11:39:41" hostname="HARI-PC" time="0.178">
  <properties/>
  <testcase name="givenIndianCensusCSVFile_WhenPassed_ThenReturnsNumberofRecords" classname="com.census.CensusAnalyserTest" time="0.176"/>
  <testcase name="givenIndiaCensusCSVFile_WhenPassedWrong_ThenThrowException" classname="com.census.CensusAnalyserTest" time="0.002"/>
  <system-out><![CDATA[]]></system-out>
  <system-err><![CDATA[]]></system-err>
</testsuite>
