<?xml version="1.0" encoding="UTF-8"?>
<testsuite name="com.census.CensusAnalyserTest" tests="1" skipped="0" failures="0" errors="0" timestamp="2020-07-28T14:17:53" hostname="HARI-PC" time="0.004">
  <properties/>
  <testcase name="givenIndianCensusCSVFile_WhenHeaderIncorrect_ThenthrowException" classname="com.census.CensusAnalyserTest" time="0.004"/>
  <system-out><![CDATA[]]></system-out>
  <system-err><![CDATA[]]></system-err>
</testsuite>
